2025-04-08 01:59:10.636264 - Received CBT.V508.FILE1015.PDS from FILE1015.XMI 
2025-04-08 01:59:10.649281 - Found $$$#DATE.txt (text/plain) in CBT.V508.FILE1015.PDS, moved to PDS/$$$#DATE
2025-04-08 01:59:10.650957 - Found $$NOTE01.txt (text/plain) in CBT.V508.FILE1015.PDS, moved to PDS/$$NOTE01
2025-04-08 01:59:10.652515 - Found $$NOTE02.txt (text/plain) in CBT.V508.FILE1015.PDS, moved to PDS/$$NOTE02
2025-04-08 01:59:10.654205 - Found $BIND.jcl (text/plain) in CBT.V508.FILE1015.PDS, moved to PDS/$BIND
2025-04-08 01:59:10.655743 - Found $COMPDYN.jcl (text/plain) in CBT.V508.FILE1015.PDS, moved to PDS/$COMPDYN
2025-04-08 01:59:10.657364 - Found $COMPEXC.jcl (text/plain) in CBT.V508.FILE1015.PDS, moved to PDS/$COMPEXC
2025-04-08 01:59:10.659024 - Found $COMPEXL.jcl (text/plain) in CBT.V508.FILE1015.PDS, moved to PDS/$COMPEXL
2025-04-08 01:59:10.660660 - Found $COMPEXP.jcl (text/plain) in CBT.V508.FILE1015.PDS, moved to PDS/$COMPEXP
2025-04-08 01:59:10.662136 - Found $COMPEXZ.jcl (text/plain) in CBT.V508.FILE1015.PDS, moved to PDS/$COMPEXZ
2025-04-08 01:59:10.663792 - Found $COMPOBL.jcl (text/plain) in CBT.V508.FILE1015.PDS, moved to PDS/$COMPOBL
2025-04-08 01:59:10.665425 - Found $COMPOBZ.jcl (text/plain) in CBT.V508.FILE1015.PDS, moved to PDS/$COMPOBZ
2025-04-08 01:59:10.667151 - Found $COMPTST.jcl (text/plain) in CBT.V508.FILE1015.PDS, moved to PDS/$COMPTST
2025-04-08 01:59:10.668760 - Found $COMPTS2.jcl (text/plain) in CBT.V508.FILE1015.PDS, moved to PDS/$COMPTS2
2025-04-08 01:59:10.670211 - Found $DDFTAB.txt (text/plain) in CBT.V508.FILE1015.PDS, moved to PDS/$DDFTAB
2025-04-08 01:59:10.671978 - Found $DDLZB1B.jcl (text/plain) in CBT.V508.FILE1015.PDS, moved to PDS/$DDLZB1B
2025-04-08 01:59:10.673613 - Found $DDLZC1C.txt (text/plain) in CBT.V508.FILE1015.PDS, moved to PDS/$DDLZC1C
2025-04-08 01:59:10.675172 - Found $DDLZVCL.jcl (text/plain) in CBT.V508.FILE1015.PDS, moved to PDS/$DDLZVCL
2025-04-08 01:59:10.676712 - Found $DDLZV11.txt (text/plain) in CBT.V508.FILE1015.PDS, moved to PDS/$DDLZV11
2025-04-08 01:59:10.678254 - Found $DDLZV12.jcl (text/plain) in CBT.V508.FILE1015.PDS, moved to PDS/$DDLZV12
2025-04-08 01:59:10.679918 - Found $HOSTDB.txt (text/plain) in CBT.V508.FILE1015.PDS, moved to PDS/$HOSTDB
2025-04-08 01:59:10.681419 - Found $INDEX.txt (text/plain) in CBT.V508.FILE1015.PDS, moved to PDS/$INDEX
2025-04-08 01:59:10.682961 - Found #GENIEBU.jcl (text/plain) in CBT.V508.FILE1015.PDS, moved to PDS/#GENIEBU
2025-04-08 01:59:10.684418 - Found #NEUEMAP.txt (text/plain) in CBT.V508.FILE1015.PDS, moved to PDS/#NEUEMAP
2025-04-08 01:59:10.685897 - Found #NICHTDA.rexx (text/plain) in CBT.V508.FILE1015.PDS, moved to PDS/#NICHTDA
2025-04-08 01:59:10.687401 - Found #SSIDINF.txt (text/plain) in CBT.V508.FILE1015.PDS, moved to PDS/#SSIDINF
2025-04-08 01:59:10.689622 - Found #STEULA1.txt (text/plain) in CBT.V508.FILE1015.PDS, moved to PDS/#STEULA1
2025-04-08 01:59:10.691723 - Found #STEULA5.txt (text/plain) in CBT.V508.FILE1015.PDS, moved to PDS/#STEULA5
2025-04-08 01:59:10.693635 - Found #STEULB1.txt (text/plain) in CBT.V508.FILE1015.PDS, moved to PDS/#STEULB1
2025-04-08 01:59:10.695510 - Found #STEULB5.txt (text/plain) in CBT.V508.FILE1015.PDS, moved to PDS/#STEULB5
2025-04-08 01:59:10.697271 - Found #STEUL97.txt (text/plain) in CBT.V508.FILE1015.PDS, moved to PDS/#STEUL97
2025-04-08 01:59:10.699184 - Found #STEUZA1.txt (text/plain) in CBT.V508.FILE1015.PDS, moved to PDS/#STEUZA1
2025-04-08 01:59:10.701456 - Found #STEUZB1.txt (text/plain) in CBT.V508.FILE1015.PDS, moved to PDS/#STEUZB1
2025-04-08 01:59:10.703567 - Found #STEUZC1.txt (text/plain) in CBT.V508.FILE1015.PDS, moved to PDS/#STEUZC1
2025-04-08 01:59:10.705602 - Found #STEUZC2.txt (text/plain) in CBT.V508.FILE1015.PDS, moved to PDS/#STEUZC2
2025-04-08 01:59:10.707357 - Found #STEUZ81.txt (text/plain) in CBT.V508.FILE1015.PDS, moved to PDS/#STEUZ81
2025-04-08 01:59:10.709376 - Found #STEUZ91.txt (text/plain) in CBT.V508.FILE1015.PDS, moved to PDS/#STEUZ91
2025-04-08 01:59:10.710900 - Found #1SAVE.jcl (text/plain) in CBT.V508.FILE1015.PDS, moved to PDS/#1SAVE
2025-04-08 01:59:10.712298 - Found @FIL1015.txt (text/plain) in CBT.V508.FILE1015.PDS, moved to PDS/@FIL1015
2025-04-08 01:59:10.713774 - Found ALTERCOL.txt (text/plain) in CBT.V508.FILE1015.PDS, moved to PDS/ALTERCOL
2025-04-08 01:59:10.715312 - Found ARXPARM1.rexx (text/plain) in CBT.V508.FILE1015.PDS, moved to PDS/ARXPARM1
2025-04-08 01:59:10.716995 - Found CCOMPTAB.rexx (text/plain) in CBT.V508.FILE1015.PDS, moved to PDS/CCOMPTAB
2025-04-08 01:59:10.718448 - Found DELBL.rexx (text/plain) in CBT.V508.FILE1015.PDS, moved to PDS/DELBL
2025-04-08 01:59:10.720313 - Found DYNAMSQL.rexx (text/plain) in CBT.V508.FILE1015.PDS, moved to PDS/DYNAMSQL
2025-04-08 01:59:10.723205 - Found DYNAMSQ1.rexx (text/plain) in CBT.V508.FILE1015.PDS, moved to PDS/DYNAMSQ1
2025-04-08 01:59:10.725287 - Found DYNAMSQ2.rexx (text/plain) in CBT.V508.FILE1015.PDS, moved to PDS/DYNAMSQ2
2025-04-08 01:59:10.726998 - Found GENIEBUP.rexx (text/plain) in CBT.V508.FILE1015.PDS, moved to PDS/GENIEBUP
2025-04-08 01:59:10.728564 - Found GETPWD.rexx (text/plain) in CBT.V508.FILE1015.PDS, moved to PDS/GETPWD
2025-04-08 01:59:10.730211 - Found ICINFO.rexx (text/plain) in CBT.V508.FILE1015.PDS, moved to PDS/ICINFO
2025-04-08 01:59:10.731719 - Found JOB.rexx (text/plain) in CBT.V508.FILE1015.PDS, moved to PDS/JOB
2025-04-08 01:59:10.733238 - Found LUWAUSW.rexx (text/plain) in CBT.V508.FILE1015.PDS, moved to PDS/LUWAUSW
2025-04-08 01:59:10.735167 - Found LUWAUSWA.rexx (text/plain) in CBT.V508.FILE1015.PDS, moved to PDS/LUWAUSWA
2025-04-08 01:59:10.736755 - Found LUWAUSWX.rexx (text/plain) in CBT.V508.FILE1015.PDS, moved to PDS/LUWAUSWX
2025-04-08 01:59:10.739047 - Found LUWA1AC2.rexx (text/plain) in CBT.V508.FILE1015.PDS, moved to PDS/LUWA1AC2
2025-04-08 01:59:10.741632 - Found LUWA1AC3.rexx (text/plain) in CBT.V508.FILE1015.PDS, moved to PDS/LUWA1AC3
2025-04-08 01:59:10.743285 - Found LUWA1200.rexx (text/plain) in CBT.V508.FILE1015.PDS, moved to PDS/LUWA1200
2025-04-08 01:59:10.745022 - Found LUWA1210.rexx (text/plain) in CBT.V508.FILE1015.PDS, moved to PDS/LUWA1210
2025-04-08 01:59:10.746710 - Found LUWA1900.rexx (text/plain) in CBT.V508.FILE1015.PDS, moved to PDS/LUWA1900
2025-04-08 01:59:10.748197 - Found LUWA1905.rexx (text/plain) in CBT.V508.FILE1015.PDS, moved to PDS/LUWA1905
2025-04-08 01:59:10.749733 - Found LUWA1910.rexx (text/plain) in CBT.V508.FILE1015.PDS, moved to PDS/LUWA1910
2025-04-08 01:59:10.751171 - Found LUWA1911.rexx (text/plain) in CBT.V508.FILE1015.PDS, moved to PDS/LUWA1911
2025-04-08 01:59:10.752684 - Found LUWA1915.rexx (text/plain) in CBT.V508.FILE1015.PDS, moved to PDS/LUWA1915
2025-04-08 01:59:10.754398 - Found LUWA1920.bin (application/octet-stream) in CBT.V508.FILE1015.PDS, moved to PDS/LUWA1920
2025-04-08 01:59:10.756100 - Found LUWA1925.rexx (text/plain) in CBT.V508.FILE1015.PDS, moved to PDS/LUWA1925
2025-04-08 01:59:10.757804 - Found LUWA5AC1.rexx (text/plain) in CBT.V508.FILE1015.PDS, moved to PDS/LUWA5AC1
2025-04-08 01:59:10.759942 - Found LUWA5AC2.rexx (text/plain) in CBT.V508.FILE1015.PDS, moved to PDS/LUWA5AC2
2025-04-08 01:59:10.762691 - Found LUWA5AC3.rexx (text/plain) in CBT.V508.FILE1015.PDS, moved to PDS/LUWA5AC3
2025-04-08 01:59:10.764292 - Found LUWA5200.rexx (text/plain) in CBT.V508.FILE1015.PDS, moved to PDS/LUWA5200
2025-04-08 01:59:10.766005 - Found LUWA5210.rexx (text/plain) in CBT.V508.FILE1015.PDS, moved to PDS/LUWA5210
2025-04-08 01:59:10.767522 - Found LUWA5900.rexx (text/plain) in CBT.V508.FILE1015.PDS, moved to PDS/LUWA5900
2025-04-08 01:59:10.769232 - Found LUWA5905.rexx (text/plain) in CBT.V508.FILE1015.PDS, moved to PDS/LUWA5905
2025-04-08 01:59:10.770946 - Found LUWA5910.rexx (text/plain) in CBT.V508.FILE1015.PDS, moved to PDS/LUWA5910
2025-04-08 01:59:10.772407 - Found LUWA5911.rexx (text/plain) in CBT.V508.FILE1015.PDS, moved to PDS/LUWA5911
2025-04-08 01:59:10.774027 - Found LUWA5915.rexx (text/plain) in CBT.V508.FILE1015.PDS, moved to PDS/LUWA5915
2025-04-08 01:59:10.776095 - Found LUWA5920.bin (application/octet-stream) in CBT.V508.FILE1015.PDS, moved to PDS/LUWA5920
2025-04-08 01:59:10.778049 - Found LUWA5921.bin (application/octet-stream) in CBT.V508.FILE1015.PDS, moved to PDS/LUWA5921
2025-04-08 01:59:10.780074 - Found LUWA5925.rexx (text/plain) in CBT.V508.FILE1015.PDS, moved to PDS/LUWA5925
2025-04-08 01:59:10.781892 - Found LUWA5935.rexx (text/plain) in CBT.V508.FILE1015.PDS, moved to PDS/LUWA5935
2025-04-08 01:59:10.783827 - Found LUWB1AC1.rexx (text/plain) in CBT.V508.FILE1015.PDS, moved to PDS/LUWB1AC1
2025-04-08 01:59:10.786088 - Found LUWB1AC2.rexx (text/plain) in CBT.V508.FILE1015.PDS, moved to PDS/LUWB1AC2
2025-04-08 01:59:10.788846 - Found LUWB1AC3.rexx (text/plain) in CBT.V508.FILE1015.PDS, moved to PDS/LUWB1AC3
2025-04-08 01:59:10.790620 - Found LUWB1200.rexx (text/plain) in CBT.V508.FILE1015.PDS, moved to PDS/LUWB1200
2025-04-08 01:59:10.792549 - Found LUWB1210.rexx (text/plain) in CBT.V508.FILE1015.PDS, moved to PDS/LUWB1210
2025-04-08 01:59:10.794264 - Found LUWB1900.rexx (text/plain) in CBT.V508.FILE1015.PDS, moved to PDS/LUWB1900
2025-04-08 01:59:10.795916 - Found LUWB1905.rexx (text/plain) in CBT.V508.FILE1015.PDS, moved to PDS/LUWB1905
2025-04-08 01:59:10.797769 - Found LUWB1910.rexx (text/plain) in CBT.V508.FILE1015.PDS, moved to PDS/LUWB1910
2025-04-08 01:59:10.799305 - Found LUWB1911.rexx (text/plain) in CBT.V508.FILE1015.PDS, moved to PDS/LUWB1911
2025-04-08 01:59:10.801126 - Found LUWB1915.rexx (text/plain) in CBT.V508.FILE1015.PDS, moved to PDS/LUWB1915
2025-04-08 01:59:10.803056 - Found LUWB1920.bin (application/octet-stream) in CBT.V508.FILE1015.PDS, moved to PDS/LUWB1920
2025-04-08 01:59:10.804866 - Found LUWB1921.bin (application/octet-stream) in CBT.V508.FILE1015.PDS, moved to PDS/LUWB1921
2025-04-08 01:59:10.806804 - Found LUWB1925.rexx (text/plain) in CBT.V508.FILE1015.PDS, moved to PDS/LUWB1925
2025-04-08 01:59:10.808416 - Found LUWB1935.rexx (text/plain) in CBT.V508.FILE1015.PDS, moved to PDS/LUWB1935
2025-04-08 01:59:10.810553 - Found LUWB5ACX.rexx (text/plain) in CBT.V508.FILE1015.PDS, moved to PDS/LUWB5ACX
2025-04-08 01:59:10.812242 - Found LUWB5AC1.rexx (text/plain) in CBT.V508.FILE1015.PDS, moved to PDS/LUWB5AC1
2025-04-08 01:59:10.814404 - Found LUWB5AC2.rexx (text/plain) in CBT.V508.FILE1015.PDS, moved to PDS/LUWB5AC2
2025-04-08 01:59:10.817477 - Found LUWB5AC3.rexx (text/plain) in CBT.V508.FILE1015.PDS, moved to PDS/LUWB5AC3
2025-04-08 01:59:10.819114 - Found LUWB5200.rexx (text/plain) in CBT.V508.FILE1015.PDS, moved to PDS/LUWB5200
2025-04-08 01:59:10.821083 - Found LUWB5210.rexx (text/plain) in CBT.V508.FILE1015.PDS, moved to PDS/LUWB5210
2025-04-08 01:59:10.822822 - Found LUWB5900.rexx (text/plain) in CBT.V508.FILE1015.PDS, moved to PDS/LUWB5900
2025-04-08 01:59:10.824306 - Found LUWB5905.rexx (text/plain) in CBT.V508.FILE1015.PDS, moved to PDS/LUWB5905
2025-04-08 01:59:10.825996 - Found LUWB5910.rexx (text/plain) in CBT.V508.FILE1015.PDS, moved to PDS/LUWB5910
2025-04-08 01:59:10.827541 - Found LUWB5911.rexx (text/plain) in CBT.V508.FILE1015.PDS, moved to PDS/LUWB5911
2025-04-08 01:59:10.829396 - Found LUWB5915.rexx (text/plain) in CBT.V508.FILE1015.PDS, moved to PDS/LUWB5915
2025-04-08 01:59:10.831305 - Found LUWB5920.bin (application/octet-stream) in CBT.V508.FILE1015.PDS, moved to PDS/LUWB5920
2025-04-08 01:59:10.833529 - Found LUWB5925.rexx (text/plain) in CBT.V508.FILE1015.PDS, moved to PDS/LUWB5925
2025-04-08 01:59:10.835348 - Found LUWB5935.rexx (text/plain) in CBT.V508.FILE1015.PDS, moved to PDS/LUWB5935
2025-04-08 01:59:10.836879 - Found LUWDB2.rexx (text/plain) in CBT.V508.FILE1015.PDS, moved to PDS/LUWDB2
2025-04-08 01:59:10.838620 - Found LUWEDSQL.rexx (text/plain) in CBT.V508.FILE1015.PDS, moved to PDS/LUWEDSQL
2025-04-08 01:59:10.840481 - Found LUWHELP.rexx (text/plain) in CBT.V508.FILE1015.PDS, moved to PDS/LUWHELP
2025-04-08 01:59:10.842558 - Found LUW97AC2.rexx (text/plain) in CBT.V508.FILE1015.PDS, moved to PDS/LUW97AC2
2025-04-08 01:59:10.844904 - Found LUW97AC3.rexx (text/plain) in CBT.V508.FILE1015.PDS, moved to PDS/LUW97AC3
2025-04-08 01:59:10.846428 - Found LUW97200.rexx (text/plain) in CBT.V508.FILE1015.PDS, moved to PDS/LUW97200
2025-04-08 01:59:10.848256 - Found LUW97210.rexx (text/plain) in CBT.V508.FILE1015.PDS, moved to PDS/LUW97210
2025-04-08 01:59:10.849934 - Found LUW97900.rexx (text/plain) in CBT.V508.FILE1015.PDS, moved to PDS/LUW97900
2025-04-08 01:59:10.851452 - Found LUW97905.rexx (text/plain) in CBT.V508.FILE1015.PDS, moved to PDS/LUW97905
2025-04-08 01:59:10.852950 - Found LUW97910.rexx (text/plain) in CBT.V508.FILE1015.PDS, moved to PDS/LUW97910
2025-04-08 01:59:10.854546 - Found LUW97911.rexx (text/plain) in CBT.V508.FILE1015.PDS, moved to PDS/LUW97911
2025-04-08 01:59:10.856178 - Found LUW97915.rexx (text/plain) in CBT.V508.FILE1015.PDS, moved to PDS/LUW97915
2025-04-08 01:59:10.858202 - Found LUW97920.bin (application/octet-stream) in CBT.V508.FILE1015.PDS, moved to PDS/LUW97920
2025-04-08 01:59:10.860020 - Found LUW97921.bin (application/octet-stream) in CBT.V508.FILE1015.PDS, moved to PDS/LUW97921
2025-04-08 01:59:10.861578 - Found RXMODDEL.rexx (text/plain) in CBT.V508.FILE1015.PDS, moved to PDS/RXMODDEL
2025-04-08 01:59:10.863342 - Found RXOBJECT.rexx (text/plain) in CBT.V508.FILE1015.PDS, moved to PDS/RXOBJECT
2025-04-08 01:59:10.864898 - Found RXSQLFOR.rexx (text/plain) in CBT.V508.FILE1015.PDS, moved to PDS/RXSQLFOR
2025-04-08 01:59:10.866479 - Found RXSQLFO1.rexx (text/plain) in CBT.V508.FILE1015.PDS, moved to PDS/RXSQLFO1
2025-04-08 01:59:10.867902 - Found SERROR.rexx (text/plain) in CBT.V508.FILE1015.PDS, moved to PDS/SERROR
2025-04-08 01:59:10.869414 - Found SIFCAREX.rexx (text/plain) in CBT.V508.FILE1015.PDS, moved to PDS/SIFCAREX
2025-04-08 01:59:10.870834 - Found SKELS.rexx (text/plain) in CBT.V508.FILE1015.PDS, moved to PDS/SKELS
2025-04-08 01:59:10.872263 - Found SPLITSQL.rexx (text/plain) in CBT.V508.FILE1015.PDS, moved to PDS/SPLITSQL
2025-04-08 01:59:10.873686 - Found SPLITSQ1.rexx (text/plain) in CBT.V508.FILE1015.PDS, moved to PDS/SPLITSQ1
2025-04-08 01:59:10.875178 - Found SQLERR.rexx (text/plain) in CBT.V508.FILE1015.PDS, moved to PDS/SQLERR
2025-04-08 01:59:10.876592 - Found SQLERR1.rexx (text/plain) in CBT.V508.FILE1015.PDS, moved to PDS/SQLERR1
2025-04-08 01:59:10.877967 - Found SSPUFI.rexx (text/plain) in CBT.V508.FILE1015.PDS, moved to PDS/SSPUFI
2025-04-08 01:59:10.880015 - Found ZOSA1AC2.rexx (text/plain) in CBT.V508.FILE1015.PDS, moved to PDS/ZOSA1AC2
2025-04-08 01:59:10.882464 - Found ZOSA1AC3.rexx (text/plain) in CBT.V508.FILE1015.PDS, moved to PDS/ZOSA1AC3
2025-04-08 01:59:10.884066 - Found ZOSA1200.rexx (text/plain) in CBT.V508.FILE1015.PDS, moved to PDS/ZOSA1200
2025-04-08 01:59:10.885755 - Found ZOSA1210.rexx (text/plain) in CBT.V508.FILE1015.PDS, moved to PDS/ZOSA1210
2025-04-08 01:59:10.887407 - Found ZOSA1900.rexx (text/plain) in CBT.V508.FILE1015.PDS, moved to PDS/ZOSA1900
2025-04-08 01:59:10.889864 - Found ZOSA1905.rexx (text/plain) in CBT.V508.FILE1015.PDS, moved to PDS/ZOSA1905
2025-04-08 01:59:10.891327 - Found ZOSA1910.rexx (text/plain) in CBT.V508.FILE1015.PDS, moved to PDS/ZOSA1910
2025-04-08 01:59:10.892765 - Found ZOSA1911.rexx (text/plain) in CBT.V508.FILE1015.PDS, moved to PDS/ZOSA1911
2025-04-08 01:59:10.894734 - Found ZOSA1915.rexx (text/plain) in CBT.V508.FILE1015.PDS, moved to PDS/ZOSA1915
2025-04-08 01:59:10.896300 - Found ZOSA1916.rexx (text/plain) in CBT.V508.FILE1015.PDS, moved to PDS/ZOSA1916
2025-04-08 01:59:10.898468 - Found ZOSA1920.bin (application/octet-stream) in CBT.V508.FILE1015.PDS, moved to PDS/ZOSA1920
2025-04-08 01:59:10.900273 - Found ZOSA1925.rexx (text/plain) in CBT.V508.FILE1015.PDS, moved to PDS/ZOSA1925
2025-04-08 01:59:10.901967 - Found ZOSA1930.rexx (text/plain) in CBT.V508.FILE1015.PDS, moved to PDS/ZOSA1930
2025-04-08 01:59:10.903583 - Found ZOSA1935.rexx (text/plain) in CBT.V508.FILE1015.PDS, moved to PDS/ZOSA1935
2025-04-08 01:59:10.905276 - Found ZOSA1940.rexx (text/plain) in CBT.V508.FILE1015.PDS, moved to PDS/ZOSA1940
2025-04-08 01:59:10.907630 - Found ZOSB1AC2.rexx (text/plain) in CBT.V508.FILE1015.PDS, moved to PDS/ZOSB1AC2
2025-04-08 01:59:10.910693 - Found ZOSB1AC3.rexx (text/plain) in CBT.V508.FILE1015.PDS, moved to PDS/ZOSB1AC3
2025-04-08 01:59:10.913757 - Found ZOSB1AC4.rexx (text/plain) in CBT.V508.FILE1015.PDS, moved to PDS/ZOSB1AC4
2025-04-08 01:59:10.915415 - Found ZOSB1200.rexx (text/plain) in CBT.V508.FILE1015.PDS, moved to PDS/ZOSB1200
2025-04-08 01:59:10.917144 - Found ZOSB1210.rexx (text/plain) in CBT.V508.FILE1015.PDS, moved to PDS/ZOSB1210
2025-04-08 01:59:10.918647 - Found ZOSB1900.rexx (text/plain) in CBT.V508.FILE1015.PDS, moved to PDS/ZOSB1900
2025-04-08 01:59:10.921505 - Found ZOSB1905.rexx (text/plain) in CBT.V508.FILE1015.PDS, moved to PDS/ZOSB1905
2025-04-08 01:59:10.923053 - Found ZOSB1906.rexx (text/plain) in CBT.V508.FILE1015.PDS, moved to PDS/ZOSB1906
2025-04-08 01:59:10.924662 - Found ZOSB1910.rexx (text/plain) in CBT.V508.FILE1015.PDS, moved to PDS/ZOSB1910
2025-04-08 01:59:10.926314 - Found ZOSB1911.rexx (text/plain) in CBT.V508.FILE1015.PDS, moved to PDS/ZOSB1911
2025-04-08 01:59:10.928296 - Found ZOSB1915.rexx (text/plain) in CBT.V508.FILE1015.PDS, moved to PDS/ZOSB1915
2025-04-08 01:59:10.930047 - Found ZOSB192B.rexx (text/plain) in CBT.V508.FILE1015.PDS, moved to PDS/ZOSB192B
2025-04-08 01:59:10.931977 - Found ZOSB1920.rexx (text/plain) in CBT.V508.FILE1015.PDS, moved to PDS/ZOSB1920
2025-04-08 01:59:10.933833 - Found ZOSB1921.rexx (text/plain) in CBT.V508.FILE1015.PDS, moved to PDS/ZOSB1921
2025-04-08 01:59:10.936031 - Found ZOSB1925.rexx (text/plain) in CBT.V508.FILE1015.PDS, moved to PDS/ZOSB1925
2025-04-08 01:59:10.937933 - Found ZOSB1930.rexx (text/plain) in CBT.V508.FILE1015.PDS, moved to PDS/ZOSB1930
2025-04-08 01:59:10.939947 - Found ZOSB1931.rexx (text/plain) in CBT.V508.FILE1015.PDS, moved to PDS/ZOSB1931
2025-04-08 01:59:10.941926 - Found ZOSB1932.rexx (text/plain) in CBT.V508.FILE1015.PDS, moved to PDS/ZOSB1932
2025-04-08 01:59:10.944383 - Found ZOSB1935.rexx (text/plain) in CBT.V508.FILE1015.PDS, moved to PDS/ZOSB1935
2025-04-08 01:59:10.946119 - Found ZOSB1940.rexx (text/plain) in CBT.V508.FILE1015.PDS, moved to PDS/ZOSB1940
2025-04-08 01:59:10.947814 - Found ZOSC1AC2.rexx (text/plain) in CBT.V508.FILE1015.PDS, moved to PDS/ZOSC1AC2
2025-04-08 01:59:10.949338 - Found ZOSC1AC3.rexx (text/plain) in CBT.V508.FILE1015.PDS, moved to PDS/ZOSC1AC3
2025-04-08 01:59:10.950911 - Found ZOSC1200.rexx (text/plain) in CBT.V508.FILE1015.PDS, moved to PDS/ZOSC1200
2025-04-08 01:59:10.952834 - Found ZOSC1210.rexx (text/plain) in CBT.V508.FILE1015.PDS, moved to PDS/ZOSC1210
2025-04-08 01:59:10.954538 - Found ZOSC1900.rexx (text/plain) in CBT.V508.FILE1015.PDS, moved to PDS/ZOSC1900
2025-04-08 01:59:10.957653 - Found ZOSC1905.rexx (text/plain) in CBT.V508.FILE1015.PDS, moved to PDS/ZOSC1905
2025-04-08 01:59:10.959411 - Found ZOSC1906.rexx (text/plain) in CBT.V508.FILE1015.PDS, moved to PDS/ZOSC1906
2025-04-08 01:59:10.961392 - Found ZOSC1907.rexx (text/plain) in CBT.V508.FILE1015.PDS, moved to PDS/ZOSC1907
2025-04-08 01:59:10.963106 - Found ZOSC1910.rexx (text/plain) in CBT.V508.FILE1015.PDS, moved to PDS/ZOSC1910
2025-04-08 01:59:10.964760 - Found ZOSC1911.rexx (text/plain) in CBT.V508.FILE1015.PDS, moved to PDS/ZOSC1911
2025-04-08 01:59:10.967158 - Found ZOSC1915.rexx (text/plain) in CBT.V508.FILE1015.PDS, moved to PDS/ZOSC1915
2025-04-08 01:59:10.969083 - Found ZOSC192B.rexx (text/plain) in CBT.V508.FILE1015.PDS, moved to PDS/ZOSC192B
2025-04-08 01:59:10.971535 - Found ZOSC1920.rexx (text/plain) in CBT.V508.FILE1015.PDS, moved to PDS/ZOSC1920
2025-04-08 01:59:10.973798 - Found ZOSC1921.rexx (text/plain) in CBT.V508.FILE1015.PDS, moved to PDS/ZOSC1921
2025-04-08 01:59:10.976337 - Found ZOSC1925.rexx (text/plain) in CBT.V508.FILE1015.PDS, moved to PDS/ZOSC1925
2025-04-08 01:59:10.978225 - Found ZOSC1930.rexx (text/plain) in CBT.V508.FILE1015.PDS, moved to PDS/ZOSC1930
2025-04-08 01:59:10.980687 - Found ZOSC1935.rexx (text/plain) in CBT.V508.FILE1015.PDS, moved to PDS/ZOSC1935
2025-04-08 01:59:10.982640 - Found ZOSC1940.rexx (text/plain) in CBT.V508.FILE1015.PDS, moved to PDS/ZOSC1940
2025-04-08 01:59:10.985179 - Found ZOSC2AC2.rexx (text/plain) in CBT.V508.FILE1015.PDS, moved to PDS/ZOSC2AC2
2025-04-08 01:59:10.988722 - Found ZOSC2AC3.rexx (text/plain) in CBT.V508.FILE1015.PDS, moved to PDS/ZOSC2AC3
2025-04-08 01:59:10.991336 - Found ZOSC3AC2.rexx (text/plain) in CBT.V508.FILE1015.PDS, moved to PDS/ZOSC3AC2
2025-04-08 01:59:10.995210 - Found ZOSC3AC3.rexx (text/plain) in CBT.V508.FILE1015.PDS, moved to PDS/ZOSC3AC3
2025-04-08 01:59:10.997109 - Found ZOSZPARM.rexx (text/plain) in CBT.V508.FILE1015.PDS, moved to PDS/ZOSZPARM
2025-04-08 01:59:10.999226 - Found ZOS81AC2.rexx (text/plain) in CBT.V508.FILE1015.PDS, moved to PDS/ZOS81AC2
2025-04-08 01:59:11.001241 - Found ZOS81AC3.rexx (text/plain) in CBT.V508.FILE1015.PDS, moved to PDS/ZOS81AC3
2025-04-08 01:59:11.002794 - Found ZOS81200.rexx (text/plain) in CBT.V508.FILE1015.PDS, moved to PDS/ZOS81200
2025-04-08 01:59:11.004578 - Found ZOS81210.rexx (text/plain) in CBT.V508.FILE1015.PDS, moved to PDS/ZOS81210
2025-04-08 01:59:11.006035 - Found ZOS81900.rexx (text/plain) in CBT.V508.FILE1015.PDS, moved to PDS/ZOS81900
2025-04-08 01:59:11.008521 - Found ZOS81905.rexx (text/plain) in CBT.V508.FILE1015.PDS, moved to PDS/ZOS81905
2025-04-08 01:59:11.010324 - Found ZOS81910.rexx (text/plain) in CBT.V508.FILE1015.PDS, moved to PDS/ZOS81910
2025-04-08 01:59:11.011830 - Found ZOS81911.rexx (text/plain) in CBT.V508.FILE1015.PDS, moved to PDS/ZOS81911
2025-04-08 01:59:11.013890 - Found ZOS81915.rexx (text/plain) in CBT.V508.FILE1015.PDS, moved to PDS/ZOS81915
2025-04-08 01:59:11.015702 - Found ZOS81916.rexx (text/plain) in CBT.V508.FILE1015.PDS, moved to PDS/ZOS81916
2025-04-08 01:59:11.017587 - Found ZOS81920.bin (application/octet-stream) in CBT.V508.FILE1015.PDS, moved to PDS/ZOS81920
2025-04-08 01:59:11.019508 - Found ZOS81925.rexx (text/plain) in CBT.V508.FILE1015.PDS, moved to PDS/ZOS81925
2025-04-08 01:59:11.021415 - Found ZOS91AC2.rexx (text/plain) in CBT.V508.FILE1015.PDS, moved to PDS/ZOS91AC2
2025-04-08 01:59:11.023568 - Found ZOS91AC3.rexx (text/plain) in CBT.V508.FILE1015.PDS, moved to PDS/ZOS91AC3
2025-04-08 01:59:11.025351 - Found ZOS91200.rexx (text/plain) in CBT.V508.FILE1015.PDS, moved to PDS/ZOS91200
2025-04-08 01:59:11.027132 - Found ZOS91210.rexx (text/plain) in CBT.V508.FILE1015.PDS, moved to PDS/ZOS91210
2025-04-08 01:59:11.028675 - Found ZOS91900.rexx (text/plain) in CBT.V508.FILE1015.PDS, moved to PDS/ZOS91900
2025-04-08 01:59:11.031353 - Found ZOS91905.rexx (text/plain) in CBT.V508.FILE1015.PDS, moved to PDS/ZOS91905
2025-04-08 01:59:11.033199 - Found ZOS91910.rexx (text/plain) in CBT.V508.FILE1015.PDS, moved to PDS/ZOS91910
2025-04-08 01:59:11.034861 - Found ZOS91911.rexx (text/plain) in CBT.V508.FILE1015.PDS, moved to PDS/ZOS91911
2025-04-08 01:59:11.036830 - Found ZOS91915.rexx (text/plain) in CBT.V508.FILE1015.PDS, moved to PDS/ZOS91915
2025-04-08 01:59:11.038542 - Found ZOS91916.rexx (text/plain) in CBT.V508.FILE1015.PDS, moved to PDS/ZOS91916
2025-04-08 01:59:11.040438 - Found ZOS91920.bin (application/octet-stream) in CBT.V508.FILE1015.PDS, moved to PDS/ZOS91920
2025-04-08 01:59:11.042523 - Found ZOS91925.rexx (text/plain) in CBT.V508.FILE1015.PDS, moved to PDS/ZOS91925
